<?xml version="1.0" encoding="UTF-8"?>
<testsuite xmlns:xsi="http://www.w3.org/2001/XMLSchema-instance" xsi:noNamespaceSchemaLocation="https://maven.apache.org/surefire/maven-surefire-plugin/xsd/surefire-test-report-3.0.xsd" version="3.0" name="com.udacity.catpoint.CatpointAppTests" time="1.437" tests="33" errors="0" skipped="0" failures="0">
  <properties>
    <property name="java.specification.version" value="17"/>
    <property name="sun.jnu.encoding" value="UTF-8"/>
    <property name="java.class.path" value="/home/steve/shares/UdacityJava/BuildingJavaApplications/FinalProject/catpoint-parent/Security/target/test-classes:/home/steve/.m2/repository/org/junit/jupiter/junit-jupiter-api/5.9.1/junit-jupiter-api-5.9.1.jar:/home/steve/.m2/repository/org/opentest4j/opentest4j/1.2.0/opentest4j-1.2.0.jar:/home/steve/.m2/repository/org/junit/platform/junit-platform-commons/1.9.1/junit-platform-commons-1.9.1.jar:/home/steve/.m2/repository/org/apiguardian/apiguardian-api/1.1.2/apiguardian-api-1.1.2.jar:/home/steve/.m2/repository/org/junit/jupiter/junit-jupiter-params/5.9.1/junit-jupiter-params-5.9.1.jar:/home/steve/.m2/repository/org/mockito/mockito-junit-jupiter/4.8.1/mockito-junit-jupiter-4.8.1.jar:/home/steve/.m2/repository/org/mockito/mockito-core/4.8.1/mockito-core-4.8.1.jar:/home/steve/.m2/repository/net/bytebuddy/byte-buddy/1.12.16/byte-buddy-1.12.16.jar:/home/steve/.m2/repository/net/bytebuddy/byte-buddy-agent/1.12.16/byte-buddy-agent-1.12.16.jar:/home/steve/.m2/repository/org/objenesis/objenesis/3.2/objenesis-3.2.jar:/home/steve/.m2/repository/com/google/guava/failureaccess/1.0.1/failureaccess-1.0.1.jar:/home/steve/.m2/repository/com/google/guava/listenablefuture/9999.0-empty-to-avoid-conflict-with-guava/listenablefuture-9999.0-empty-to-avoid-conflict-with-guava.jar:/home/steve/.m2/repository/com/google/code/findbugs/jsr305/3.0.2/jsr305-3.0.2.jar:/home/steve/.m2/repository/org/checkerframework/checker-qual/3.12.0/checker-qual-3.12.0.jar:/home/steve/.m2/repository/com/google/errorprone/error_prone_annotations/2.11.0/error_prone_annotations-2.11.0.jar:/home/steve/.m2/repository/com/google/j2objc/j2objc-annotations/1.3/j2objc-annotations-1.3.jar:/home/steve/.m2/repository/software/amazon/awssdk/annotations/2.18.1/annotations-2.18.1.jar:/home/steve/.m2/repository/software/amazon/awssdk/utils/2.18.1/utils-2.18.1.jar:/home/steve/.m2/repository/org/reactivestreams/reactive-streams/1.0.3/reactive-streams-1.0.3.jar:/home/steve/.m2/repository/software/amazon/awssdk/profiles/2.18.1/profiles-2.18.1.jar:/home/steve/.m2/repository/software/amazon/awssdk/http-client-spi/2.18.1/http-client-spi-2.18.1.jar:/home/steve/.m2/repository/software/amazon/awssdk/json-utils/2.18.1/json-utils-2.18.1.jar:/home/steve/.m2/repository/software/amazon/awssdk/third-party-jackson-core/2.18.1/third-party-jackson-core-2.18.1.jar:/home/steve/.m2/repository/software/amazon/eventstream/eventstream/1.0.1/eventstream-1.0.1.jar:/home/steve/.m2/repository/software/amazon/awssdk/aws-json-protocol/2.18.1/aws-json-protocol-2.18.1.jar:/home/steve/.m2/repository/software/amazon/awssdk/protocol-core/2.18.1/protocol-core-2.18.1.jar:/home/steve/.m2/repository/software/amazon/awssdk/endpoints-spi/2.18.1/endpoints-spi-2.18.1.jar:/home/steve/.m2/repository/software/amazon/awssdk/aws-core/2.18.1/aws-core-2.18.1.jar:/home/steve/.m2/repository/software/amazon/awssdk/metrics-spi/2.18.1/metrics-spi-2.18.1.jar:/home/steve/.m2/repository/software/amazon/awssdk/apache-client/2.18.1/apache-client-2.18.1.jar:/home/steve/.m2/repository/org/apache/httpcomponents/httpclient/4.5.13/httpclient-4.5.13.jar:/home/steve/.m2/repository/commons-logging/commons-logging/1.2/commons-logging-1.2.jar:/home/steve/.m2/repository/commons-codec/commons-codec/1.11/commons-codec-1.11.jar:/home/steve/.m2/repository/org/apache/httpcomponents/httpcore/4.4.13/httpcore-4.4.13.jar:/home/steve/.m2/repository/software/amazon/awssdk/netty-nio-client/2.18.1/netty-nio-client-2.18.1.jar:/home/steve/.m2/repository/io/netty/netty-codec-http/4.1.77.Final/netty-codec-http-4.1.77.Final.jar:/home/steve/.m2/repository/io/netty/netty-codec-http2/4.1.77.Final/netty-codec-http2-4.1.77.Final.jar:/home/steve/.m2/repository/io/netty/netty-codec/4.1.77.Final/netty-codec-4.1.77.Final.jar:/home/steve/.m2/repository/io/netty/netty-transport/4.1.77.Final/netty-transport-4.1.77.Final.jar:/home/steve/.m2/repository/io/netty/netty-resolver/4.1.77.Final/netty-resolver-4.1.77.Final.jar:/home/steve/.m2/repository/io/netty/netty-common/4.1.77.Final/netty-common-4.1.77.Final.jar:/home/steve/.m2/repository/io/netty/netty-buffer/4.1.77.Final/netty-buffer-4.1.77.Final.jar:/home/steve/.m2/repository/io/netty/netty-handler/4.1.77.Final/netty-handler-4.1.77.Final.jar:/home/steve/.m2/repository/io/netty/netty-transport-classes-epoll/4.1.77.Final/netty-transport-classes-epoll-4.1.77.Final.jar:/home/steve/.m2/repository/io/netty/netty-transport-native-unix-common/4.1.77.Final/netty-transport-native-unix-common-4.1.77.Final.jar:"/>
    <property name="java.vm.vendor" value="Oracle Corporation"/>
    <property name="sun.arch.data.model" value="64"/>
    <property name="sun.font.fontmanager" value="sun.awt.X11FontManager"/>
    <property name="java.vendor.url" value="https://java.oracle.com/"/>
    <property name="os.name" value="Linux"/>
    <property name="java.vm.specification.version" value="17"/>
    <property name="sun.java.launcher" value="SUN_STANDARD"/>
    <property name="user.country" value="US"/>
    <property name="sun.boot.library.path" value="/usr/java/jdk-17.0.2/lib"/>
    <property name="sun.java.command" value="org.apache.maven.surefire.booter.ForkedBooter /home/steve/shares/UdacityJava/BuildingJavaApplications/FinalProject/catpoint-parent/Security/target/surefire 2022-11-01T22-42-23_747-jvmRun1 surefire-20221101224224549_1tmp surefire_0-20221101224224549_2tmp"/>
    <property name="jdk.debug" value="release"/>
    <property name="surefire.test.class.path" value="/home/steve/shares/UdacityJava/BuildingJavaApplications/FinalProject/catpoint-parent/Security/target/test-classes:/home/steve/.m2/repository/org/junit/jupiter/junit-jupiter-api/5.9.1/junit-jupiter-api-5.9.1.jar:/home/steve/.m2/repository/org/opentest4j/opentest4j/1.2.0/opentest4j-1.2.0.jar:/home/steve/.m2/repository/org/junit/platform/junit-platform-commons/1.9.1/junit-platform-commons-1.9.1.jar:/home/steve/.m2/repository/org/apiguardian/apiguardian-api/1.1.2/apiguardian-api-1.1.2.jar:/home/steve/.m2/repository/org/junit/jupiter/junit-jupiter-params/5.9.1/junit-jupiter-params-5.9.1.jar:/home/steve/.m2/repository/org/mockito/mockito-junit-jupiter/4.8.1/mockito-junit-jupiter-4.8.1.jar:/home/steve/.m2/repository/org/mockito/mockito-core/4.8.1/mockito-core-4.8.1.jar:/home/steve/.m2/repository/net/bytebuddy/byte-buddy/1.12.16/byte-buddy-1.12.16.jar:/home/steve/.m2/repository/net/bytebuddy/byte-buddy-agent/1.12.16/byte-buddy-agent-1.12.16.jar:/home/steve/.m2/repository/org/objenesis/objenesis/3.2/objenesis-3.2.jar:/home/steve/.m2/repository/com/google/guava/failureaccess/1.0.1/failureaccess-1.0.1.jar:/home/steve/.m2/repository/com/google/guava/listenablefuture/9999.0-empty-to-avoid-conflict-with-guava/listenablefuture-9999.0-empty-to-avoid-conflict-with-guava.jar:/home/steve/.m2/repository/com/google/code/findbugs/jsr305/3.0.2/jsr305-3.0.2.jar:/home/steve/.m2/repository/org/checkerframework/checker-qual/3.12.0/checker-qual-3.12.0.jar:/home/steve/.m2/repository/com/google/errorprone/error_prone_annotations/2.11.0/error_prone_annotations-2.11.0.jar:/home/steve/.m2/repository/com/google/j2objc/j2objc-annotations/1.3/j2objc-annotations-1.3.jar:/home/steve/.m2/repository/software/amazon/awssdk/annotations/2.18.1/annotations-2.18.1.jar:/home/steve/.m2/repository/software/amazon/awssdk/utils/2.18.1/utils-2.18.1.jar:/home/steve/.m2/repository/org/reactivestreams/reactive-streams/1.0.3/reactive-streams-1.0.3.jar:/home/steve/.m2/repository/software/amazon/awssdk/profiles/2.18.1/profiles-2.18.1.jar:/home/steve/.m2/repository/software/amazon/awssdk/http-client-spi/2.18.1/http-client-spi-2.18.1.jar:/home/steve/.m2/repository/software/amazon/awssdk/json-utils/2.18.1/json-utils-2.18.1.jar:/home/steve/.m2/repository/software/amazon/awssdk/third-party-jackson-core/2.18.1/third-party-jackson-core-2.18.1.jar:/home/steve/.m2/repository/software/amazon/eventstream/eventstream/1.0.1/eventstream-1.0.1.jar:/home/steve/.m2/repository/software/amazon/awssdk/aws-json-protocol/2.18.1/aws-json-protocol-2.18.1.jar:/home/steve/.m2/repository/software/amazon/awssdk/protocol-core/2.18.1/protocol-core-2.18.1.jar:/home/steve/.m2/repository/software/amazon/awssdk/endpoints-spi/2.18.1/endpoints-spi-2.18.1.jar:/home/steve/.m2/repository/software/amazon/awssdk/aws-core/2.18.1/aws-core-2.18.1.jar:/home/steve/.m2/repository/software/amazon/awssdk/metrics-spi/2.18.1/metrics-spi-2.18.1.jar:/home/steve/.m2/repository/software/amazon/awssdk/apache-client/2.18.1/apache-client-2.18.1.jar:/home/steve/.m2/repository/org/apache/httpcomponents/httpclient/4.5.13/httpclient-4.5.13.jar:/home/steve/.m2/repository/commons-logging/commons-logging/1.2/commons-logging-1.2.jar:/home/steve/.m2/repository/commons-codec/commons-codec/1.11/commons-codec-1.11.jar:/home/steve/.m2/repository/org/apache/httpcomponents/httpcore/4.4.13/httpcore-4.4.13.jar:/home/steve/.m2/repository/software/amazon/awssdk/netty-nio-client/2.18.1/netty-nio-client-2.18.1.jar:/home/steve/.m2/repository/io/netty/netty-codec-http/4.1.77.Final/netty-codec-http-4.1.77.Final.jar:/home/steve/.m2/repository/io/netty/netty-codec-http2/4.1.77.Final/netty-codec-http2-4.1.77.Final.jar:/home/steve/.m2/repository/io/netty/netty-codec/4.1.77.Final/netty-codec-4.1.77.Final.jar:/home/steve/.m2/repository/io/netty/netty-transport/4.1.77.Final/netty-transport-4.1.77.Final.jar:/home/steve/.m2/repository/io/netty/netty-resolver/4.1.77.Final/netty-resolver-4.1.77.Final.jar:/home/steve/.m2/repository/io/netty/netty-common/4.1.77.Final/netty-common-4.1.77.Final.jar:/home/steve/.m2/repository/io/netty/netty-buffer/4.1.77.Final/netty-buffer-4.1.77.Final.jar:/home/steve/.m2/repository/io/netty/netty-handler/4.1.77.Final/netty-handler-4.1.77.Final.jar:/home/steve/.m2/repository/io/netty/netty-transport-classes-epoll/4.1.77.Final/netty-transport-classes-epoll-4.1.77.Final.jar:/home/steve/.m2/repository/io/netty/netty-transport-native-unix-common/4.1.77.Final/netty-transport-native-unix-common-4.1.77.Final.jar:"/>
    <property name="sun.cpu.endian" value="little"/>
    <property name="user.home" value="/home/steve"/>
    <property name="user.language" value="en"/>
    <property name="java.specification.vendor" value="Oracle Corporation"/>
    <property name="jdk.module.path" value="/home/steve/shares/UdacityJava/BuildingJavaApplications/FinalProject/catpoint-parent/Security/target/classes:/home/steve/shares/UdacityJava/BuildingJavaApplications/FinalProject/catpoint-parent/Image/target/Image-1.0-SNAPSHOT.jar:/home/steve/.m2/repository/com/google/guava/guava/31.1-jre/guava-31.1-jre.jar:/home/steve/.m2/repository/com/google/code/gson/gson/2.9.1/gson-2.9.1.jar:/home/steve/.m2/repository/org/slf4j/slf4j-api/2.0.3/slf4j-api-2.0.3.jar:/home/steve/.m2/repository/software/amazon/awssdk/auth/2.18.1/auth-2.18.1.jar:/home/steve/.m2/repository/software/amazon/awssdk/sdk-core/2.18.1/sdk-core-2.18.1.jar:/home/steve/.m2/repository/software/amazon/awssdk/regions/2.18.1/regions-2.18.1.jar:/home/steve/.m2/repository/software/amazon/awssdk/rekognition/2.18.1/rekognition-2.18.1.jar:/home/steve/.m2/repository/com/miglayout/miglayout/3.5.5/miglayout-3.5.5.jar"/>
    <property name="java.version.date" value="2022-01-18"/>
    <property name="java.home" value="/usr/java/jdk-17.0.2"/>
    <property name="file.separator" value="/"/>
    <property name="basedir" value="/home/steve/shares/UdacityJava/BuildingJavaApplications/FinalProject/catpoint-parent/Security"/>
    <property name="java.vm.compressedOopsMode" value="32-bit"/>
    <property name="line.separator" value="&#10;"/>
    <property name="java.specification.name" value="Java Platform API Specification"/>
    <property name="java.vm.specification.vendor" value="Oracle Corporation"/>
    <property name="surefire.real.class.path" value="/home/steve/.m2/repository/org/apache/maven/surefire/surefire-booter/3.0.0-M7/surefire-booter-3.0.0-M7.jar:/home/steve/.m2/repository/org/apache/maven/surefire/surefire-api/3.0.0-M7/surefire-api-3.0.0-M7.jar:/home/steve/.m2/repository/org/apache/maven/surefire/surefire-logger-api/3.0.0-M7/surefire-logger-api-3.0.0-M7.jar:/home/steve/.m2/repository/org/apache/maven/surefire/surefire-shared-utils/3.0.0-M7/surefire-shared-utils-3.0.0-M7.jar:/home/steve/.m2/repository/org/apache/maven/surefire/surefire-extensions-spi/3.0.0-M7/surefire-extensions-spi-3.0.0-M7.jar:/home/steve/shares/UdacityJava/BuildingJavaApplications/FinalProject/catpoint-parent/Security/target/test-classes:/home/steve/.m2/repository/org/junit/jupiter/junit-jupiter-api/5.9.1/junit-jupiter-api-5.9.1.jar:/home/steve/.m2/repository/org/opentest4j/opentest4j/1.2.0/opentest4j-1.2.0.jar:/home/steve/.m2/repository/org/junit/platform/junit-platform-commons/1.9.1/junit-platform-commons-1.9.1.jar:/home/steve/.m2/repository/org/apiguardian/apiguardian-api/1.1.2/apiguardian-api-1.1.2.jar:/home/steve/.m2/repository/org/junit/jupiter/junit-jupiter-params/5.9.1/junit-jupiter-params-5.9.1.jar:/home/steve/.m2/repository/org/mockito/mockito-junit-jupiter/4.8.1/mockito-junit-jupiter-4.8.1.jar:/home/steve/.m2/repository/org/mockito/mockito-core/4.8.1/mockito-core-4.8.1.jar:/home/steve/.m2/repository/net/bytebuddy/byte-buddy/1.12.16/byte-buddy-1.12.16.jar:/home/steve/.m2/repository/net/bytebuddy/byte-buddy-agent/1.12.16/byte-buddy-agent-1.12.16.jar:/home/steve/.m2/repository/org/objenesis/objenesis/3.2/objenesis-3.2.jar:/home/steve/.m2/repository/com/google/guava/failureaccess/1.0.1/failureaccess-1.0.1.jar:/home/steve/.m2/repository/com/google/guava/listenablefuture/9999.0-empty-to-avoid-conflict-with-guava/listenablefuture-9999.0-empty-to-avoid-conflict-with-guava.jar:/home/steve/.m2/repository/com/google/code/findbugs/jsr305/3.0.2/jsr305-3.0.2.jar:/home/steve/.m2/repository/org/checkerframework/checker-qual/3.12.0/checker-qual-3.12.0.jar:/home/steve/.m2/repository/com/google/errorprone/error_prone_annotations/2.11.0/error_prone_annotations-2.11.0.jar:/home/steve/.m2/repository/com/google/j2objc/j2objc-annotations/1.3/j2objc-annotations-1.3.jar:/home/steve/.m2/repository/software/amazon/awssdk/annotations/2.18.1/annotations-2.18.1.jar:/home/steve/.m2/repository/software/amazon/awssdk/utils/2.18.1/utils-2.18.1.jar:/home/steve/.m2/repository/org/reactivestreams/reactive-streams/1.0.3/reactive-streams-1.0.3.jar:/home/steve/.m2/repository/software/amazon/awssdk/profiles/2.18.1/profiles-2.18.1.jar:/home/steve/.m2/repository/software/amazon/awssdk/http-client-spi/2.18.1/http-client-spi-2.18.1.jar:/home/steve/.m2/repository/software/amazon/awssdk/json-utils/2.18.1/json-utils-2.18.1.jar:/home/steve/.m2/repository/software/amazon/awssdk/third-party-jackson-core/2.18.1/third-party-jackson-core-2.18.1.jar:/home/steve/.m2/repository/software/amazon/eventstream/eventstream/1.0.1/eventstream-1.0.1.jar:/home/steve/.m2/repository/software/amazon/awssdk/aws-json-protocol/2.18.1/aws-json-protocol-2.18.1.jar:/home/steve/.m2/repository/software/amazon/awssdk/protocol-core/2.18.1/protocol-core-2.18.1.jar:/home/steve/.m2/repository/software/amazon/awssdk/endpoints-spi/2.18.1/endpoints-spi-2.18.1.jar:/home/steve/.m2/repository/software/amazon/awssdk/aws-core/2.18.1/aws-core-2.18.1.jar:/home/steve/.m2/repository/software/amazon/awssdk/metrics-spi/2.18.1/metrics-spi-2.18.1.jar:/home/steve/.m2/repository/software/amazon/awssdk/apache-client/2.18.1/apache-client-2.18.1.jar:/home/steve/.m2/repository/org/apache/httpcomponents/httpclient/4.5.13/httpclient-4.5.13.jar:/home/steve/.m2/repository/commons-logging/commons-logging/1.2/commons-logging-1.2.jar:/home/steve/.m2/repository/commons-codec/commons-codec/1.11/commons-codec-1.11.jar:/home/steve/.m2/repository/org/apache/httpcomponents/httpcore/4.4.13/httpcore-4.4.13.jar:/home/steve/.m2/repository/software/amazon/awssdk/netty-nio-client/2.18.1/netty-nio-client-2.18.1.jar:/home/steve/.m2/repository/io/netty/netty-codec-http/4.1.77.Final/netty-codec-http-4.1.77.Final.jar:/home/steve/.m2/repository/io/netty/netty-codec-http2/4.1.77.Final/netty-codec-http2-4.1.77.Final.jar:/home/steve/.m2/repository/io/netty/netty-codec/4.1.77.Final/netty-codec-4.1.77.Final.jar:/home/steve/.m2/repository/io/netty/netty-transport/4.1.77.Final/netty-transport-4.1.77.Final.jar:/home/steve/.m2/repository/io/netty/netty-resolver/4.1.77.Final/netty-resolver-4.1.77.Final.jar:/home/steve/.m2/repository/io/netty/netty-common/4.1.77.Final/netty-common-4.1.77.Final.jar:/home/steve/.m2/repository/io/netty/netty-buffer/4.1.77.Final/netty-buffer-4.1.77.Final.jar:/home/steve/.m2/repository/io/netty/netty-handler/4.1.77.Final/netty-handler-4.1.77.Final.jar:/home/steve/.m2/repository/io/netty/netty-transport-classes-epoll/4.1.77.Final/netty-transport-classes-epoll-4.1.77.Final.jar:/home/steve/.m2/repository/io/netty/netty-transport-native-unix-common/4.1.77.Final/netty-transport-native-unix-common-4.1.77.Final.jar:/home/steve/.m2/repository/org/apache/maven/surefire/surefire-junit-platform/3.0.0-M7/surefire-junit-platform-3.0.0-M7.jar:/home/steve/.m2/repository/org/apache/maven/surefire/common-java5/3.0.0-M7/common-java5-3.0.0-M7.jar:/home/steve/.m2/repository/org/junit/platform/junit-platform-launcher/1.9.1/junit-platform-launcher-1.9.1.jar:/home/steve/.m2/repository/org/junit/platform/junit-platform-engine/1.9.1/junit-platform-engine-1.9.1.jar:/home/steve/.m2/repository/org/junit/jupiter/junit-jupiter-engine/5.9.1/junit-jupiter-engine-5.9.1.jar"/>
    <property name="sun.management.compiler" value="HotSpot 64-Bit Tiered Compilers"/>
    <property name="java.runtime.version" value="17.0.2+8-LTS-86"/>
    <property name="user.name" value="steve"/>
    <property name="path.separator" value=":"/>
    <property name="os.version" value="4.18.0-348.el8.x86_64"/>
    <property name="java.runtime.name" value="Java(TM) SE Runtime Environment"/>
    <property name="file.encoding" value="UTF-8"/>
    <property name="java.vm.name" value="Java HotSpot(TM) 64-Bit Server VM"/>
    <property name="localRepository" value="/home/steve/.m2/repository"/>
    <property name="java.vendor.url.bug" value="https://bugreport.java.com/bugreport/"/>
    <property name="java.io.tmpdir" value="/tmp"/>
    <property name="java.version" value="17.0.2"/>
    <property name="user.dir" value="/home/steve/shares/UdacityJava/BuildingJavaApplications/FinalProject/catpoint-parent/Security"/>
    <property name="os.arch" value="amd64"/>
    <property name="java.vm.specification.name" value="Java Virtual Machine Specification"/>
    <property name="native.encoding" value="UTF-8"/>
    <property name="java.library.path" value="/usr/java/packages/lib:/usr/lib64:/lib64:/lib:/usr/lib"/>
    <property name="java.vm.info" value="mixed mode"/>
    <property name="java.vendor" value="Oracle Corporation"/>
    <property name="java.vm.version" value="17.0.2+8-LTS-86"/>
    <property name="sun.io.unicode.encoding" value="UnicodeLittle"/>
    <property name="java.class.version" value="61.0"/>
  </properties>
  <testcase name="changeSensorActivationStatus_6DeactivateInactiveSensor_AlarmStatus(AlarmStatus)[1]" classname="com.udacity.catpoint.CatpointAppTests" time="1.15"/>
  <testcase name="changeSensorActivationStatus_6DeactivateInactiveSensor_AlarmStatus(AlarmStatus)[2]" classname="com.udacity.catpoint.CatpointAppTests" time="0.005"/>
  <testcase name="changeSensorActivationStatus_6DeactivateInactiveSensor_AlarmStatus(AlarmStatus)[3]" classname="com.udacity.catpoint.CatpointAppTests" time="0.004"/>
  <testcase name="changeSensorActivationStatus_3PendingStatusToNone_AlarmStatus(ArmingStatus)[1]" classname="com.udacity.catpoint.CatpointAppTests" time="0.005"/>
  <testcase name="changeSensorActivationStatus_3PendingStatusToNone_AlarmStatus(ArmingStatus)[2]" classname="com.udacity.catpoint.CatpointAppTests" time="0.003"/>
  <testcase name="changeSensorActivationStatus_3PendingStatusToNone_AlarmStatus(ArmingStatus)[3]" classname="com.udacity.catpoint.CatpointAppTests" time="0.004"/>
  <testcase name="changeSensorActivationStatus_2MultipleSensorActivations_AlarmStatus(ArmingStatus)[1]" classname="com.udacity.catpoint.CatpointAppTests" time="0.005"/>
  <testcase name="changeSensorActivationStatus_2MultipleSensorActivations_AlarmStatus(ArmingStatus)[2]" classname="com.udacity.catpoint.CatpointAppTests" time="0.002"/>
  <testcase name="changeSensorActivationStatus_2MultipleSensorActivations_AlarmStatus(ArmingStatus)[3]" classname="com.udacity.catpoint.CatpointAppTests" time="0.003"/>
  <testcase name="changeSensorActivationStatus_5ActivateActiveSensor_AlarmStatus(ArmingStatus)[1]" classname="com.udacity.catpoint.CatpointAppTests" time="0.003"/>
  <testcase name="changeSensorActivationStatus_5ActivateActiveSensor_AlarmStatus(ArmingStatus)[2]" classname="com.udacity.catpoint.CatpointAppTests" time="0.003"/>
  <testcase name="changeSensorActivationStatus_5ActivateActiveSensor_AlarmStatus(ArmingStatus)[3]" classname="com.udacity.catpoint.CatpointAppTests" time="0.003"/>
  <testcase name="changeSensorActivationStatus_4ActiveAlarmStaysActive_AlarmStatus(ArmingStatus)[1]" classname="com.udacity.catpoint.CatpointAppTests" time="0.003"/>
  <testcase name="changeSensorActivationStatus_4ActiveAlarmStaysActive_AlarmStatus(ArmingStatus)[2]" classname="com.udacity.catpoint.CatpointAppTests" time="0.003"/>
  <testcase name="changeSensorActivationStatus_4ActiveAlarmStaysActive_AlarmStatus(ArmingStatus)[3]" classname="com.udacity.catpoint.CatpointAppTests" time="0.003"/>
  <testcase name="changeSensorActivationStatus_11ArmWhileShowingCat_AlarmStatus(ArmingStatus)[1]" classname="com.udacity.catpoint.CatpointAppTests" time="0.015"/>
  <testcase name="changeSensorActivationStatus_11ArmWhileShowingCat_AlarmStatus(ArmingStatus)[2]" classname="com.udacity.catpoint.CatpointAppTests" time="0.003"/>
  <testcase name="changeSensorActivationStatus_10SystemArmed_AlarmStatus(int)[1]" classname="com.udacity.catpoint.CatpointAppTests" time="0.003"/>
  <testcase name="changeSensorActivationStatus_10SystemArmed_AlarmStatus(int)[2]" classname="com.udacity.catpoint.CatpointAppTests" time="0.002"/>
  <testcase name="changeSensorActivationStatus_10SystemArmed_AlarmStatus(int)[3]" classname="com.udacity.catpoint.CatpointAppTests" time="0.001"/>
  <testcase name="changeSensorActivationStatus_10SystemArmed_AlarmStatus(int)[4]" classname="com.udacity.catpoint.CatpointAppTests" time="0.002"/>
  <testcase name="changeSensorActivationStatus_8CatNotDetectedWhileArmedHome_AlarmStatus(int)[1]" classname="com.udacity.catpoint.CatpointAppTests" time="0.003"/>
  <testcase name="changeSensorActivationStatus_8CatNotDetectedWhileArmedHome_AlarmStatus(int)[2]" classname="com.udacity.catpoint.CatpointAppTests" time="0.002"/>
  <testcase name="changeSensorActivationStatus_8CatNotDetectedWhileArmedHome_AlarmStatus(int)[3]" classname="com.udacity.catpoint.CatpointAppTests" time="0.002"/>
  <testcase name="changeSensorActivationStatus_8CatNotDetectedWhileArmedHome_AlarmStatus(int)[4]" classname="com.udacity.catpoint.CatpointAppTests" time="0.003"/>
  <testcase name="changeSensorActivationStatus_7CatDetectedWhileArmedHome_AlarmStatus(ArmingStatus)[1]" classname="com.udacity.catpoint.CatpointAppTests" time="0.002"/>
  <testcase name="changeSensorActivationStatus_7CatDetectedWhileArmedHome_AlarmStatus(ArmingStatus)[2]" classname="com.udacity.catpoint.CatpointAppTests" time="0.002"/>
  <testcase name="changeSensorActivationStatus_7CatDetectedWhileArmedHome_AlarmStatus(ArmingStatus)[3]" classname="com.udacity.catpoint.CatpointAppTests" time="0.002"/>
  <testcase name="changeSensorActivationStatus_1SingleSensorActivation_AlarmStatus(ArmingStatus)[1]" classname="com.udacity.catpoint.CatpointAppTests" time="0.002"/>
  <testcase name="changeSensorActivationStatus_1SingleSensorActivation_AlarmStatus(ArmingStatus)[2]" classname="com.udacity.catpoint.CatpointAppTests" time="0.001"/>
  <testcase name="changeSensorActivationStatus_1SingleSensorActivation_AlarmStatus(ArmingStatus)[3]" classname="com.udacity.catpoint.CatpointAppTests" time="0.002"/>
  <testcase name="changeSensorActivationStatus_9SystemDisarmed_AlarmStatus(ArmingStatus)[1]" classname="com.udacity.catpoint.CatpointAppTests" time="0.001"/>
  <testcase name="changeSensorActivationStatus_9SystemDisarmed_AlarmStatus(ArmingStatus)[2]" classname="com.udacity.catpoint.CatpointAppTests" time="0.002"/>
</testsuite>